<?xml version="1.0" encoding="UTF-8"?>
<testsuite xmlns:xsi="http://www.w3.org/2001/XMLSchema-instance" xsi:noNamespaceSchemaLocation="https://maven.apache.org/surefire/maven-surefire-plugin/xsd/surefire-test-report-3.0.xsd" version="3.0" name="com.email.handler.EmailHandlerApplicationTests" time="6.524" tests="1" errors="0" skipped="0" failures="0">
  <properties>
[...]
</properties>
  <testcase name="contextLoads" classname="com.email.handler.EmailHandlerApplicationTests" time="0.682">
    <system-out><![CDATA[02:46:14.714 [main] INFO org.springframework.test.context.support.AnnotationConfigContextLoaderUtils -- Could not detect default configuration classes for test class [com.email.handler.EmailHandlerApplicationTests]: EmailHandlerApplicationTests does not declare any static, non-private, non-final, nested classes annotated with @Configuration.
02:46:14.811 [main] INFO org.springframework.boot.test.context.SpringBootTestContextBootstrapper -- Found @SpringBootConfiguration com.email.handler.EmailHandlerApplication for test class com.email.handler.EmailHandlerApplicationTests

  .   ____          _            __ _ _
 /\\ / ___'_ __ _ _(_)_ __  __ _ \ \ \ \
( ( )\___ | '_ | '_| | '_ \/ _` | \ \ \ \
 \\/  ___)| |_)| | | | | || (_| |  ) ) ) )
  '  |____| .__|_| |_|_| |_\__, | / / / /
 =========|_|==============|___/=/_/_/_/
 :: Spring Boot ::                (v3.2.0)

02:46:15.222 [main] INFO  c.e.h.EmailHandlerApplicationTests - Starting EmailHandlerApplicationTests using Java 17.0.16 with PID 4097 (started by runner in /home/runner/work/email-handler/email-handler)
02:46:15.223 [main] INFO  c.e.h.EmailHandlerApplicationTests - The following 1 profile is active: "test"
02:46:16.125 [main] INFO  o.s.d.r.c.RepositoryConfigurationDelegate - Multiple Spring Data modules found, entering strict repository configuration mode
02:46:16.127 [main] INFO  o.s.d.r.c.RepositoryConfigurationDelegate - Bootstrapping Spring Data JPA repositories in DEFAULT mode.
02:46:16.348 [main] INFO  o.s.d.r.c.RepositoryConfigurationDelegate - Finished Spring Data repository scanning in 214 ms. Found 1 JPA repository interface.
02:46:16.979 [main] INFO  o.h.jpa.internal.util.LogHelper - HHH000204: Processing PersistenceUnitInfo [name: default]
02:46:17.012 [main] INFO  org.hibernate.Version - HHH000412: Hibernate ORM core version 6.3.1.Final
02:46:17.034 [main] INFO  o.h.c.i.RegionFactoryInitiator - HHH000026: Second-level cache disabled
02:46:17.182 [main] INFO  o.s.o.j.p.SpringPersistenceUnitInfo - No LoadTimeWeaver setup: ignoring JPA class transformer
02:46:17.206 [main] INFO  com.zaxxer.hikari.HikariDataSource - HikariPool-1 - Starting...
02:46:17.326 [main] INFO  com.zaxxer.hikari.pool.HikariPool - HikariPool-1 - Added connection conn0: url=jdbc:h2:mem:testdb user=SA
02:46:17.327 [main] INFO  com.zaxxer.hikari.HikariDataSource - HikariPool-1 - Start completed.
02:46:17.343 [main] WARN  org.hibernate.orm.deprecation - HHH90000025: H2Dialect does not need to be specified explicitly using 'hibernate.dialect' (remove the property setting and it will be selected by default)
02:46:17.924 [main] INFO  o.h.e.t.j.p.i.JtaPlatformInitiator - HHH000489: No JTA platform available (set 'hibernate.transaction.jta.platform' to enable JTA platform integration)
02:46:17.950 [main] INFO  o.s.o.j.LocalContainerEntityManagerFactoryBean - Initialized JPA EntityManagerFactory for persistence unit 'default'
02:46:18.823 [main] WARN  o.s.b.a.o.j.JpaBaseConfiguration$JpaWebConfiguration - spring.jpa.open-in-view is enabled by default. Therefore, database queries may be performed during view rendering. Explicitly configure spring.jpa.open-in-view to disable this warning
02:46:19.849 [main] INFO  o.s.b.a.e.web.EndpointLinksResolver - Exposing 1 endpoint(s) beneath base path '/actuator'
02:46:19.966 [main] INFO  c.e.h.EmailHandlerApplicationTests - Started EmailHandlerApplicationTests in 5.031 seconds (process running for 5.889)
02:46:20.035 [scheduling-1] ERROR c.e.h.service.EmailProcessingService - Error during email processing cycle: Couldn't connect to host, port: test.example.com, 993; timeout -1
com.sun.mail.util.MailConnectException: Couldn't connect to host, port: test.example.com, 993; timeout -1
	at com.sun.mail.imap.IMAPStore.protocolConnect(IMAPStore.java:716)
	at jakarta.mail.Service.connect(Service.java:345)
	at jakarta.mail.Service.connect(Service.java:225)
	at com.email.handler.service.ImapEmailService.connectToImapServer(ImapEmailService.java:36)
	at com.email.handler.service.ImapEmailService.fetchEmails(ImapEmailService.java:51)
	at com.email.handler.service.EmailProcessingService.processEmails(EmailProcessingService.java:56)
	at java.base/jdk.internal.reflect.NativeMethodAccessorImpl.invoke0(Native Method)
	at java.base/jdk.internal.reflect.NativeMethodAccessorImpl.invoke(NativeMethodAccessorImpl.java:77)
	at java.base/jdk.internal.reflect.DelegatingMethodAccessorImpl.invoke(DelegatingMethodAccessorImpl.java:43)
	at java.base/java.lang.reflect.Method.invoke(Method.java:569)
	at org.springframework.aop.support.AopUtils.invokeJoinpointUsingReflection(AopUtils.java:352)
	at org.springframework.aop.framework.CglibAopProxy$DynamicAdvisedInterceptor.intercept(CglibAopProxy.java:713)
	at com.email.handler.service.EmailProcessingService$$SpringCGLIB$$0.processEmails(<generated>)
	at java.base/jdk.internal.reflect.NativeMethodAccessorImpl.invoke0(Native Method)
	at java.base/jdk.internal.reflect.NativeMethodAccessorImpl.invoke(NativeMethodAccessorImpl.java:77)
	at java.base/jdk.internal.reflect.DelegatingMethodAccessorImpl.invoke(DelegatingMethodAccessorImpl.java:43)
	at java.base/java.lang.reflect.Method.invoke(Method.java:569)
	at org.springframework.scheduling.support.ScheduledMethodRunnable.runInternal(ScheduledMethodRunnable.java:130)
	at org.springframework.scheduling.support.ScheduledMethodRunnable.lambda$run$2(ScheduledMethodRunnable.java:124)
	at io.micrometer.observation.Observation.observe(Observation.java:499)
	at org.springframework.scheduling.support.ScheduledMethodRunnable.run(ScheduledMethodRunnable.java:124)
	at org.springframework.scheduling.support.DelegatingErrorHandlingRunnable.run(DelegatingErrorHandlingRunnable.java:54)
	at java.base/java.util.concurrent.Executors$RunnableAdapter.call(Executors.java:539)
	at java.base/java.util.concurrent.FutureTask.runAndReset(FutureTask.java:305)
	at java.base/java.util.concurrent.ScheduledThreadPoolExecutor$ScheduledFutureTask.run(ScheduledThreadPoolExecutor.java:305)
	at java.base/java.util.concurrent.ThreadPoolExecutor.runWorker(ThreadPoolExecutor.java:1136)
	at java.base/java.util.concurrent.ThreadPoolExecutor$Worker.run(ThreadPoolExecutor.java:635)
	at java.base/java.lang.Thread.run(Thread.java:840)
Caused by: java.net.UnknownHostException: test.example.com
	at java.base/sun.nio.ch.NioSocketImpl.connect(NioSocketImpl.java:572)
	at java.base/java.net.SocksSocketImpl.connect(SocksSocketImpl.java:327)
	at java.base/java.net.Socket.connect(Socket.java:633)
	at java.base/java.net.Socket.connect(Socket.java:583)
	at com.sun.mail.util.SocketFetcher.createSocket(SocketFetcher.java:335)
	at com.sun.mail.util.SocketFetcher.getSocket(SocketFetcher.java:214)
	at com.sun.mail.iap.Protocol.<init>(Protocol.java:109)
	at com.sun.mail.imap.protocol.IMAPProtocol.<init>(IMAPProtocol.java:107)
	at com.sun.mail.imap.IMAPStore.newIMAPProtocol(IMAPStore.java:739)
	at com.sun.mail.imap.IMAPStore.protocolConnect(IMAPStore.java:674)
	... 27 common frames omitted
]]></system-out>
  </testcase>
</testsuite>